[13-Jun-2024 18:23:27 Europe/Berlin] PHP Fatal error:  Uncaught Error: mysqli object is already closed in C:\xampp\htdocs\webpro2024\message-board\view.php:12
Stack trace:
#0 C:\xampp\htdocs\webpro2024\message-board\view.php(12): mysqli->query('SELECT * FROM `...')
#1 {main}
  thrown in C:\xampp\htdocs\webpro2024\message-board\view.php on line 12
[13-Jun-2024 18:23:30 Europe/Berlin] PHP Fatal error:  Uncaught Error: mysqli object is already closed in C:\xampp\htdocs\webpro2024\message-board\view.php:12
Stack trace:
#0 C:\xampp\htdocs\webpro2024\message-board\view.php(12): mysqli->query('SELECT * FROM `...')
#1 {main}
  thrown in C:\xampp\htdocs\webpro2024\message-board\view.php on line 12
[13-Jun-2024 18:23:32 Europe/Berlin] PHP Fatal error:  Uncaught Error: mysqli object is already closed in C:\xampp\htdocs\webpro2024\message-board\view.php:12
Stack trace:
#0 C:\xampp\htdocs\webpro2024\message-board\view.php(12): mysqli->query('SELECT * FROM `...')
#1 {main}
  thrown in C:\xampp\htdocs\webpro2024\message-board\view.php on line 12
[13-Jun-2024 18:23:33 Europe/Berlin] PHP Fatal error:  Uncaught Error: mysqli object is already closed in C:\xampp\htdocs\webpro2024\message-board\view.php:12
Stack trace:
#0 C:\xampp\htdocs\webpro2024\message-board\view.php(12): mysqli->query('SELECT * FROM `...')
#1 {main}
  thrown in C:\xampp\htdocs\webpro2024\message-board\view.php on line 12
[13-Jun-2024 18:23:35 Europe/Berlin] PHP Fatal error:  Uncaught Error: mysqli object is already closed in C:\xampp\htdocs\webpro2024\message-board\view.php:12
Stack trace:
#0 C:\xampp\htdocs\webpro2024\message-board\view.php(12): mysqli->query('SELECT * FROM `...')
#1 {main}
  thrown in C:\xampp\htdocs\webpro2024\message-board\view.php on line 12
[13-Jun-2024 18:23:42 Europe/Berlin] PHP Fatal error:  Uncaught Error: mysqli object is already closed in C:\xampp\htdocs\webpro2024\message-board\view.php:12
Stack trace:
#0 C:\xampp\htdocs\webpro2024\message-board\view.php(12): mysqli->query('SELECT * FROM `...')
#1 {main}
  thrown in C:\xampp\htdocs\webpro2024\message-board\view.php on line 12
[13-Jun-2024 18:23:44 Europe/Berlin] PHP Fatal error:  Uncaught Error: mysqli object is already closed in C:\xampp\htdocs\webpro2024\message-board\view.php:12
Stack trace:
#0 C:\xampp\htdocs\webpro2024\message-board\view.php(12): mysqli->query('SELECT * FROM `...')
#1 {main}
  thrown in C:\xampp\htdocs\webpro2024\message-board\view.php on line 12
[13-Jun-2024 18:23:45 Europe/Berlin] PHP Fatal error:  Uncaught Error: mysqli object is already closed in C:\xampp\htdocs\webpro2024\message-board\view.php:12
Stack trace:
#0 C:\xampp\htdocs\webpro2024\message-board\view.php(12): mysqli->query('SELECT * FROM `...')
#1 {main}
  thrown in C:\xampp\htdocs\webpro2024\message-board\view.php on line 12
[13-Jun-2024 18:24:04 Europe/Berlin] PHP Fatal error:  Uncaught Error: mysqli object is already closed in C:\xampp\htdocs\webpro2024\message-board\view.php:12
Stack trace:
#0 C:\xampp\htdocs\webpro2024\message-board\view.php(12): mysqli->query('SELECT * FROM `...')
#1 {main}
  thrown in C:\xampp\htdocs\webpro2024\message-board\view.php on line 12
[13-Jun-2024 18:28:18 Europe/Berlin] PHP Fatal error:  Uncaught Error: mysqli object is already closed in C:\xampp\htdocs\webpro2024\message-board\view.php:12
Stack trace:
#0 C:\xampp\htdocs\webpro2024\message-board\view.php(12): mysqli->query('SELECT * FROM `...')
#1 {main}
  thrown in C:\xampp\htdocs\webpro2024\message-board\view.php on line 12
[13-Jun-2024 18:28:22 Europe/Berlin] PHP Fatal error:  Uncaught Error: mysqli object is already closed in C:\xampp\htdocs\webpro2024\message-board\view.php:12
Stack trace:
#0 C:\xampp\htdocs\webpro2024\message-board\view.php(12): mysqli->query('SELECT * FROM `...')
#1 {main}
  thrown in C:\xampp\htdocs\webpro2024\message-board\view.php on line 12
[13-Jun-2024 18:28:45 Europe/Berlin] PHP Fatal error:  Uncaught Error: mysqli object is already closed in C:\xampp\htdocs\webpro2024\message-board\view.php:12
Stack trace:
#0 C:\xampp\htdocs\webpro2024\message-board\view.php(12): mysqli->query('SELECT * FROM `...')
#1 {main}
  thrown in C:\xampp\htdocs\webpro2024\message-board\view.php on line 12
[13-Jun-2024 18:28:47 Europe/Berlin] PHP Fatal error:  Uncaught Error: mysqli object is already closed in C:\xampp\htdocs\webpro2024\message-board\view.php:12
Stack trace:
#0 C:\xampp\htdocs\webpro2024\message-board\view.php(12): mysqli->query('SELECT * FROM `...')
#1 {main}
  thrown in C:\xampp\htdocs\webpro2024\message-board\view.php on line 12
[13-Jun-2024 18:28:49 Europe/Berlin] PHP Fatal error:  Uncaught Error: mysqli object is already closed in C:\xampp\htdocs\webpro2024\message-board\view.php:12
Stack trace:
#0 C:\xampp\htdocs\webpro2024\message-board\view.php(12): mysqli->query('SELECT * FROM `...')
#1 {main}
  thrown in C:\xampp\htdocs\webpro2024\message-board\view.php on line 12
[13-Jun-2024 18:28:51 Europe/Berlin] PHP Fatal error:  Uncaught Error: mysqli object is already closed in C:\xampp\htdocs\webpro2024\message-board\view.php:12
Stack trace:
#0 C:\xampp\htdocs\webpro2024\message-board\view.php(12): mysqli->query('SELECT * FROM `...')
#1 {main}
  thrown in C:\xampp\htdocs\webpro2024\message-board\view.php on line 12
[13-Jun-2024 18:37:09 Europe/Berlin] PHP Fatal error:  Uncaught Error: mysqli object is already closed in C:\xampp\htdocs\webpro2024\message-board\view.php:12
Stack trace:
#0 C:\xampp\htdocs\webpro2024\message-board\view.php(12): mysqli->query('SELECT * FROM `...')
#1 {main}
  thrown in C:\xampp\htdocs\webpro2024\message-board\view.php on line 12
[13-Jun-2024 18:37:11 Europe/Berlin] PHP Fatal error:  Uncaught Error: mysqli object is already closed in C:\xampp\htdocs\webpro2024\message-board\view.php:12
Stack trace:
#0 C:\xampp\htdocs\webpro2024\message-board\view.php(12): mysqli->query('SELECT * FROM `...')
#1 {main}
  thrown in C:\xampp\htdocs\webpro2024\message-board\view.php on line 12
[13-Jun-2024 18:37:13 Europe/Berlin] PHP Fatal error:  Uncaught Error: mysqli object is already closed in C:\xampp\htdocs\webpro2024\message-board\view.php:12
Stack trace:
#0 C:\xampp\htdocs\webpro2024\message-board\view.php(12): mysqli->query('SELECT * FROM `...')
#1 {main}
  thrown in C:\xampp\htdocs\webpro2024\message-board\view.php on line 12
[13-Jun-2024 18:37:15 Europe/Berlin] PHP Fatal error:  Uncaught Error: mysqli object is already closed in C:\xampp\htdocs\webpro2024\message-board\view.php:12
Stack trace:
#0 C:\xampp\htdocs\webpro2024\message-board\view.php(12): mysqli->query('SELECT * FROM `...')
#1 {main}
  thrown in C:\xampp\htdocs\webpro2024\message-board\view.php on line 12
[13-Jun-2024 18:37:17 Europe/Berlin] PHP Fatal error:  Uncaught Error: mysqli object is already closed in C:\xampp\htdocs\webpro2024\message-board\view.php:12
Stack trace:
#0 C:\xampp\htdocs\webpro2024\message-board\view.php(12): mysqli->query('SELECT * FROM `...')
#1 {main}
  thrown in C:\xampp\htdocs\webpro2024\message-board\view.php on line 12
[13-Jun-2024 18:37:19 Europe/Berlin] PHP Fatal error:  Uncaught Error: mysqli object is already closed in C:\xampp\htdocs\webpro2024\message-board\view.php:12
Stack trace:
#0 C:\xampp\htdocs\webpro2024\message-board\view.php(12): mysqli->query('SELECT * FROM `...')
#1 {main}
  thrown in C:\xampp\htdocs\webpro2024\message-board\view.php on line 12
[13-Jun-2024 18:37:21 Europe/Berlin] PHP Fatal error:  Uncaught Error: mysqli object is already closed in C:\xampp\htdocs\webpro2024\message-board\view.php:12
Stack trace:
#0 C:\xampp\htdocs\webpro2024\message-board\view.php(12): mysqli->query('SELECT * FROM `...')
#1 {main}
  thrown in C:\xampp\htdocs\webpro2024\message-board\view.php on line 12
[13-Jun-2024 18:37:23 Europe/Berlin] PHP Fatal error:  Uncaught Error: mysqli object is already closed in C:\xampp\htdocs\webpro2024\message-board\view.php:12
Stack trace:
#0 C:\xampp\htdocs\webpro2024\message-board\view.php(12): mysqli->query('SELECT * FROM `...')
#1 {main}
  thrown in C:\xampp\htdocs\webpro2024\message-board\view.php on line 12
[13-Jun-2024 18:37:25 Europe/Berlin] PHP Fatal error:  Uncaught Error: mysqli object is already closed in C:\xampp\htdocs\webpro2024\message-board\view.php:12
Stack trace:
#0 C:\xampp\htdocs\webpro2024\message-board\view.php(12): mysqli->query('SELECT * FROM `...')
#1 {main}
  thrown in C:\xampp\htdocs\webpro2024\message-board\view.php on line 12
[13-Jun-2024 18:37:27 Europe/Berlin] PHP Fatal error:  Uncaught Error: mysqli object is already closed in C:\xampp\htdocs\webpro2024\message-board\view.php:12
Stack trace:
#0 C:\xampp\htdocs\webpro2024\message-board\view.php(12): mysqli->query('SELECT * FROM `...')
#1 {main}
  thrown in C:\xampp\htdocs\webpro2024\message-board\view.php on line 12
[13-Jun-2024 18:37:29 Europe/Berlin] PHP Fatal error:  Uncaught Error: mysqli object is already closed in C:\xampp\htdocs\webpro2024\message-board\view.php:12
Stack trace:
#0 C:\xampp\htdocs\webpro2024\message-board\view.php(12): mysqli->query('SELECT * FROM `...')
#1 {main}
  thrown in C:\xampp\htdocs\webpro2024\message-board\view.php on line 12
[13-Jun-2024 18:37:32 Europe/Berlin] PHP Fatal error:  Uncaught Error: mysqli object is already closed in C:\xampp\htdocs\webpro2024\message-board\view.php:12
Stack trace:
#0 C:\xampp\htdocs\webpro2024\message-board\view.php(12): mysqli->query('SELECT * FROM `...')
#1 {main}
  thrown in C:\xampp\htdocs\webpro2024\message-board\view.php on line 12
[13-Jun-2024 18:37:33 Europe/Berlin] PHP Fatal error:  Uncaught Error: mysqli object is already closed in C:\xampp\htdocs\webpro2024\message-board\view.php:12
Stack trace:
#0 C:\xampp\htdocs\webpro2024\message-board\view.php(12): mysqli->query('SELECT * FROM `...')
#1 {main}
  thrown in C:\xampp\htdocs\webpro2024\message-board\view.php on line 12
[13-Jun-2024 18:37:35 Europe/Berlin] PHP Fatal error:  Uncaught Error: mysqli object is already closed in C:\xampp\htdocs\webpro2024\message-board\view.php:12
Stack trace:
#0 C:\xampp\htdocs\webpro2024\message-board\view.php(12): mysqli->query('SELECT * FROM `...')
#1 {main}
  thrown in C:\xampp\htdocs\webpro2024\message-board\view.php on line 12
[13-Jun-2024 18:37:37 Europe/Berlin] PHP Fatal error:  Uncaught Error: mysqli object is already closed in C:\xampp\htdocs\webpro2024\message-board\view.php:12
Stack trace:
#0 C:\xampp\htdocs\webpro2024\message-board\view.php(12): mysqli->query('SELECT * FROM `...')
#1 {main}
  thrown in C:\xampp\htdocs\webpro2024\message-board\view.php on line 12
[13-Jun-2024 18:37:39 Europe/Berlin] PHP Fatal error:  Uncaught Error: mysqli object is already closed in C:\xampp\htdocs\webpro2024\message-board\view.php:12
Stack trace:
#0 C:\xampp\htdocs\webpro2024\message-board\view.php(12): mysqli->query('SELECT * FROM `...')
#1 {main}
  thrown in C:\xampp\htdocs\webpro2024\message-board\view.php on line 12
[13-Jun-2024 18:37:41 Europe/Berlin] PHP Fatal error:  Uncaught Error: mysqli object is already closed in C:\xampp\htdocs\webpro2024\message-board\view.php:12
Stack trace:
#0 C:\xampp\htdocs\webpro2024\message-board\view.php(12): mysqli->query('SELECT * FROM `...')
#1 {main}
  thrown in C:\xampp\htdocs\webpro2024\message-board\view.php on line 12
[13-Jun-2024 18:37:43 Europe/Berlin] PHP Fatal error:  Uncaught Error: mysqli object is already closed in C:\xampp\htdocs\webpro2024\message-board\view.php:12
Stack trace:
#0 C:\xampp\htdocs\webpro2024\message-board\view.php(12): mysqli->query('SELECT * FROM `...')
#1 {main}
  thrown in C:\xampp\htdocs\webpro2024\message-board\view.php on line 12
[13-Jun-2024 18:37:45 Europe/Berlin] PHP Fatal error:  Uncaught Error: mysqli object is already closed in C:\xampp\htdocs\webpro2024\message-board\view.php:12
Stack trace:
#0 C:\xampp\htdocs\webpro2024\message-board\view.php(12): mysqli->query('SELECT * FROM `...')
#1 {main}
  thrown in C:\xampp\htdocs\webpro2024\message-board\view.php on line 12
[13-Jun-2024 18:37:47 Europe/Berlin] PHP Fatal error:  Uncaught Error: mysqli object is already closed in C:\xampp\htdocs\webpro2024\message-board\view.php:12
Stack trace:
#0 C:\xampp\htdocs\webpro2024\message-board\view.php(12): mysqli->query('SELECT * FROM `...')
#1 {main}
  thrown in C:\xampp\htdocs\webpro2024\message-board\view.php on line 12
[13-Jun-2024 18:37:49 Europe/Berlin] PHP Fatal error:  Uncaught Error: mysqli object is already closed in C:\xampp\htdocs\webpro2024\message-board\view.php:12
Stack trace:
#0 C:\xampp\htdocs\webpro2024\message-board\view.php(12): mysqli->query('SELECT * FROM `...')
#1 {main}
  thrown in C:\xampp\htdocs\webpro2024\message-board\view.php on line 12
[13-Jun-2024 18:37:51 Europe/Berlin] PHP Fatal error:  Uncaught Error: mysqli object is already closed in C:\xampp\htdocs\webpro2024\message-board\view.php:12
Stack trace:
#0 C:\xampp\htdocs\webpro2024\message-board\view.php(12): mysqli->query('SELECT * FROM `...')
#1 {main}
  thrown in C:\xampp\htdocs\webpro2024\message-board\view.php on line 12
[13-Jun-2024 18:37:53 Europe/Berlin] PHP Fatal error:  Uncaught Error: mysqli object is already closed in C:\xampp\htdocs\webpro2024\message-board\view.php:12
Stack trace:
#0 C:\xampp\htdocs\webpro2024\message-board\view.php(12): mysqli->query('SELECT * FROM `...')
#1 {main}
  thrown in C:\xampp\htdocs\webpro2024\message-board\view.php on line 12
[13-Jun-2024 18:37:55 Europe/Berlin] PHP Fatal error:  Uncaught Error: mysqli object is already closed in C:\xampp\htdocs\webpro2024\message-board\view.php:12
Stack trace:
#0 C:\xampp\htdocs\webpro2024\message-board\view.php(12): mysqli->query('SELECT * FROM `...')
#1 {main}
  thrown in C:\xampp\htdocs\webpro2024\message-board\view.php on line 12
[13-Jun-2024 18:37:57 Europe/Berlin] PHP Fatal error:  Uncaught Error: mysqli object is already closed in C:\xampp\htdocs\webpro2024\message-board\view.php:12
Stack trace:
#0 C:\xampp\htdocs\webpro2024\message-board\view.php(12): mysqli->query('SELECT * FROM `...')
#1 {main}
  thrown in C:\xampp\htdocs\webpro2024\message-board\view.php on line 12
[13-Jun-2024 18:37:59 Europe/Berlin] PHP Fatal error:  Uncaught Error: mysqli object is already closed in C:\xampp\htdocs\webpro2024\message-board\view.php:12
Stack trace:
#0 C:\xampp\htdocs\webpro2024\message-board\view.php(12): mysqli->query('SELECT * FROM `...')
#1 {main}
  thrown in C:\xampp\htdocs\webpro2024\message-board\view.php on line 12
[13-Jun-2024 18:38:01 Europe/Berlin] PHP Fatal error:  Uncaught Error: mysqli object is already closed in C:\xampp\htdocs\webpro2024\message-board\view.php:12
Stack trace:
#0 C:\xampp\htdocs\webpro2024\message-board\view.php(12): mysqli->query('SELECT * FROM `...')
#1 {main}
  thrown in C:\xampp\htdocs\webpro2024\message-board\view.php on line 12
[13-Jun-2024 18:38:03 Europe/Berlin] PHP Fatal error:  Uncaught Error: mysqli object is already closed in C:\xampp\htdocs\webpro2024\message-board\view.php:12
Stack trace:
#0 C:\xampp\htdocs\webpro2024\message-board\view.php(12): mysqli->query('SELECT * FROM `...')
#1 {main}
  thrown in C:\xampp\htdocs\webpro2024\message-board\view.php on line 12
[13-Jun-2024 18:38:05 Europe/Berlin] PHP Fatal error:  Uncaught Error: mysqli object is already closed in C:\xampp\htdocs\webpro2024\message-board\view.php:12
Stack trace:
#0 C:\xampp\htdocs\webpro2024\message-board\view.php(12): mysqli->query('SELECT * FROM `...')
#1 {main}
  thrown in C:\xampp\htdocs\webpro2024\message-board\view.php on line 12
[13-Jun-2024 18:38:07 Europe/Berlin] PHP Fatal error:  Uncaught Error: mysqli object is already closed in C:\xampp\htdocs\webpro2024\message-board\view.php:12
Stack trace:
#0 C:\xampp\htdocs\webpro2024\message-board\view.php(12): mysqli->query('SELECT * FROM `...')
#1 {main}
  thrown in C:\xampp\htdocs\webpro2024\message-board\view.php on line 12
[13-Jun-2024 18:38:09 Europe/Berlin] PHP Fatal error:  Uncaught Error: mysqli object is already closed in C:\xampp\htdocs\webpro2024\message-board\view.php:12
Stack trace:
#0 C:\xampp\htdocs\webpro2024\message-board\view.php(12): mysqli->query('SELECT * FROM `...')
#1 {main}
  thrown in C:\xampp\htdocs\webpro2024\message-board\view.php on line 12
[13-Jun-2024 18:38:15 Europe/Berlin] PHP Fatal error:  Uncaught Error: mysqli object is already closed in C:\xampp\htdocs\webpro2024\message-board\view.php:12
Stack trace:
#0 C:\xampp\htdocs\webpro2024\message-board\view.php(12): mysqli->query('SELECT * FROM `...')
#1 {main}
  thrown in C:\xampp\htdocs\webpro2024\message-board\view.php on line 12
[13-Jun-2024 18:38:17 Europe/Berlin] PHP Fatal error:  Uncaught Error: mysqli object is already closed in C:\xampp\htdocs\webpro2024\message-board\view.php:12
Stack trace:
#0 C:\xampp\htdocs\webpro2024\message-board\view.php(12): mysqli->query('SELECT * FROM `...')
#1 {main}
  thrown in C:\xampp\htdocs\webpro2024\message-board\view.php on line 12
[13-Jun-2024 18:38:19 Europe/Berlin] PHP Fatal error:  Uncaught Error: mysqli object is already closed in C:\xampp\htdocs\webpro2024\message-board\view.php:12
Stack trace:
#0 C:\xampp\htdocs\webpro2024\message-board\view.php(12): mysqli->query('SELECT * FROM `...')
#1 {main}
  thrown in C:\xampp\htdocs\webpro2024\message-board\view.php on line 12
[13-Jun-2024 18:38:59 Europe/Berlin] PHP Fatal error:  Uncaught Error: mysqli object is already closed in C:\xampp\htdocs\webpro2024\message-board\view.php:12
Stack trace:
#0 C:\xampp\htdocs\webpro2024\message-board\view.php(12): mysqli->query('SELECT * FROM `...')
#1 {main}
  thrown in C:\xampp\htdocs\webpro2024\message-board\view.php on line 12
[13-Jun-2024 18:39:01 Europe/Berlin] PHP Fatal error:  Uncaught Error: mysqli object is already closed in C:\xampp\htdocs\webpro2024\message-board\view.php:12
Stack trace:
#0 C:\xampp\htdocs\webpro2024\message-board\view.php(12): mysqli->query('SELECT * FROM `...')
#1 {main}
  thrown in C:\xampp\htdocs\webpro2024\message-board\view.php on line 12
[13-Jun-2024 18:39:05 Europe/Berlin] PHP Fatal error:  Uncaught Error: mysqli object is already closed in C:\xampp\htdocs\webpro2024\message-board\view.php:12
Stack trace:
#0 C:\xampp\htdocs\webpro2024\message-board\view.php(12): mysqli->query('SELECT * FROM `...')
#1 {main}
  thrown in C:\xampp\htdocs\webpro2024\message-board\view.php on line 12
[13-Jun-2024 18:40:21 Europe/Berlin] PHP Fatal error:  Uncaught Error: mysqli object is already closed in C:\xampp\htdocs\webpro2024\message-board\view.php:12
Stack trace:
#0 C:\xampp\htdocs\webpro2024\message-board\view.php(12): mysqli->query('SELECT * FROM `...')
#1 {main}
  thrown in C:\xampp\htdocs\webpro2024\message-board\view.php on line 12
[13-Jun-2024 19:28:33 Europe/Berlin] PHP Fatal error:  Uncaught Error: mysqli object is already closed in C:\xampp\htdocs\webpro2024\message-board\view.php:12
Stack trace:
#0 C:\xampp\htdocs\webpro2024\message-board\view.php(12): mysqli->query('SELECT * FROM `...')
#1 {main}
  thrown in C:\xampp\htdocs\webpro2024\message-board\view.php on line 12
[13-Jun-2024 19:28:40 Europe/Berlin] PHP Fatal error:  Uncaught Error: mysqli object is already closed in C:\xampp\htdocs\webpro2024\message-board\view.php:12
Stack trace:
#0 C:\xampp\htdocs\webpro2024\message-board\view.php(12): mysqli->query('SELECT * FROM `...')
#1 {main}
  thrown in C:\xampp\htdocs\webpro2024\message-board\view.php on line 12
[13-Jun-2024 19:28:42 Europe/Berlin] PHP Fatal error:  Uncaught Error: mysqli object is already closed in C:\xampp\htdocs\webpro2024\message-board\view.php:12
Stack trace:
#0 C:\xampp\htdocs\webpro2024\message-board\view.php(12): mysqli->query('SELECT * FROM `...')
#1 {main}
  thrown in C:\xampp\htdocs\webpro2024\message-board\view.php on line 12
[13-Jun-2024 19:46:24 Europe/Berlin] PHP Fatal error:  Uncaught Error: mysqli object is already closed in C:\xampp\htdocs\webpro2024\message-board\view.php:12
Stack trace:
#0 C:\xampp\htdocs\webpro2024\message-board\view.php(12): mysqli->query('SELECT * FROM `...')
#1 {main}
  thrown in C:\xampp\htdocs\webpro2024\message-board\view.php on line 12
[13-Jun-2024 19:46:28 Europe/Berlin] PHP Fatal error:  Uncaught Error: mysqli object is already closed in C:\xampp\htdocs\webpro2024\message-board\view.php:12
Stack trace:
#0 C:\xampp\htdocs\webpro2024\message-board\view.php(12): mysqli->query('SELECT * FROM `...')
#1 {main}
  thrown in C:\xampp\htdocs\webpro2024\message-board\view.php on line 12
[13-Jun-2024 19:47:36 Europe/Berlin] PHP Fatal error:  Uncaught Error: mysqli object is already closed in C:\xampp\htdocs\webpro2024\message-board\view.php:12
Stack trace:
#0 C:\xampp\htdocs\webpro2024\message-board\view.php(12): mysqli->query('SELECT * FROM `...')
#1 {main}
  thrown in C:\xampp\htdocs\webpro2024\message-board\view.php on line 12
[13-Jun-2024 19:47:39 Europe/Berlin] PHP Fatal error:  Uncaught Error: mysqli object is already closed in C:\xampp\htdocs\webpro2024\message-board\view.php:12
Stack trace:
#0 C:\xampp\htdocs\webpro2024\message-board\view.php(12): mysqli->query('SELECT * FROM `...')
#1 {main}
  thrown in C:\xampp\htdocs\webpro2024\message-board\view.php on line 12
[13-Jun-2024 19:47:41 Europe/Berlin] PHP Fatal error:  Uncaught Error: mysqli object is already closed in C:\xampp\htdocs\webpro2024\message-board\view.php:12
Stack trace:
#0 C:\xampp\htdocs\webpro2024\message-board\view.php(12): mysqli->query('SELECT * FROM `...')
#1 {main}
  thrown in C:\xampp\htdocs\webpro2024\message-board\view.php on line 12
[13-Jun-2024 19:47:42 Europe/Berlin] PHP Fatal error:  Uncaught Error: mysqli object is already closed in C:\xampp\htdocs\webpro2024\message-board\view.php:12
Stack trace:
#0 C:\xampp\htdocs\webpro2024\message-board\view.php(12): mysqli->query('SELECT * FROM `...')
#1 {main}
  thrown in C:\xampp\htdocs\webpro2024\message-board\view.php on line 12
[13-Jun-2024 19:47:45 Europe/Berlin] PHP Fatal error:  Uncaught Error: mysqli object is already closed in C:\xampp\htdocs\webpro2024\message-board\view.php:12
Stack trace:
#0 C:\xampp\htdocs\webpro2024\message-board\view.php(12): mysqli->query('SELECT * FROM `...')
#1 {main}
  thrown in C:\xampp\htdocs\webpro2024\message-board\view.php on line 12
[13-Jun-2024 19:47:47 Europe/Berlin] PHP Fatal error:  Uncaught Error: mysqli object is already closed in C:\xampp\htdocs\webpro2024\message-board\view.php:12
Stack trace:
#0 C:\xampp\htdocs\webpro2024\message-board\view.php(12): mysqli->query('SELECT * FROM `...')
#1 {main}
  thrown in C:\xampp\htdocs\webpro2024\message-board\view.php on line 12
[13-Jun-2024 19:47:49 Europe/Berlin] PHP Fatal error:  Uncaught Error: mysqli object is already closed in C:\xampp\htdocs\webpro2024\message-board\view.php:12
Stack trace:
#0 C:\xampp\htdocs\webpro2024\message-board\view.php(12): mysqli->query('SELECT * FROM `...')
#1 {main}
  thrown in C:\xampp\htdocs\webpro2024\message-board\view.php on line 12
[13-Jun-2024 19:47:51 Europe/Berlin] PHP Fatal error:  Uncaught Error: mysqli object is already closed in C:\xampp\htdocs\webpro2024\message-board\view.php:12
Stack trace:
#0 C:\xampp\htdocs\webpro2024\message-board\view.php(12): mysqli->query('SELECT * FROM `...')
#1 {main}
  thrown in C:\xampp\htdocs\webpro2024\message-board\view.php on line 12
[13-Jun-2024 19:47:53 Europe/Berlin] PHP Fatal error:  Uncaught Error: mysqli object is already closed in C:\xampp\htdocs\webpro2024\message-board\view.php:12
Stack trace:
#0 C:\xampp\htdocs\webpro2024\message-board\view.php(12): mysqli->query('SELECT * FROM `...')
#1 {main}
  thrown in C:\xampp\htdocs\webpro2024\message-board\view.php on line 12
[13-Jun-2024 19:47:55 Europe/Berlin] PHP Fatal error:  Uncaught Error: mysqli object is already closed in C:\xampp\htdocs\webpro2024\message-board\view.php:12
Stack trace:
#0 C:\xampp\htdocs\webpro2024\message-board\view.php(12): mysqli->query('SELECT * FROM `...')
#1 {main}
  thrown in C:\xampp\htdocs\webpro2024\message-board\view.php on line 12
[13-Jun-2024 19:47:57 Europe/Berlin] PHP Fatal error:  Uncaught Error: mysqli object is already closed in C:\xampp\htdocs\webpro2024\message-board\view.php:12
Stack trace:
#0 C:\xampp\htdocs\webpro2024\message-board\view.php(12): mysqli->query('SELECT * FROM `...')
#1 {main}
  thrown in C:\xampp\htdocs\webpro2024\message-board\view.php on line 12
[13-Jun-2024 19:47:59 Europe/Berlin] PHP Fatal error:  Uncaught Error: mysqli object is already closed in C:\xampp\htdocs\webpro2024\message-board\view.php:12
Stack trace:
#0 C:\xampp\htdocs\webpro2024\message-board\view.php(12): mysqli->query('SELECT * FROM `...')
#1 {main}
  thrown in C:\xampp\htdocs\webpro2024\message-board\view.php on line 12
[13-Jun-2024 19:48:01 Europe/Berlin] PHP Fatal error:  Uncaught Error: mysqli object is already closed in C:\xampp\htdocs\webpro2024\message-board\view.php:12
Stack trace:
#0 C:\xampp\htdocs\webpro2024\message-board\view.php(12): mysqli->query('SELECT * FROM `...')
#1 {main}
  thrown in C:\xampp\htdocs\webpro2024\message-board\view.php on line 12
[13-Jun-2024 19:48:02 Europe/Berlin] PHP Fatal error:  Uncaught Error: mysqli object is already closed in C:\xampp\htdocs\webpro2024\message-board\view.php:12
Stack trace:
#0 C:\xampp\htdocs\webpro2024\message-board\view.php(12): mysqli->query('SELECT * FROM `...')
#1 {main}
  thrown in C:\xampp\htdocs\webpro2024\message-board\view.php on line 12
[13-Jun-2024 19:48:34 Europe/Berlin] PHP Fatal error:  Uncaught Error: mysqli object is already closed in C:\xampp\htdocs\webpro2024\message-board\view.php:12
Stack trace:
#0 C:\xampp\htdocs\webpro2024\message-board\view.php(12): mysqli->query('SELECT * FROM `...')
#1 {main}
  thrown in C:\xampp\htdocs\webpro2024\message-board\view.php on line 12
[13-Jun-2024 19:48:36 Europe/Berlin] PHP Fatal error:  Uncaught Error: mysqli object is already closed in C:\xampp\htdocs\webpro2024\message-board\view.php:12
Stack trace:
#0 C:\xampp\htdocs\webpro2024\message-board\view.php(12): mysqli->query('SELECT * FROM `...')
#1 {main}
  thrown in C:\xampp\htdocs\webpro2024\message-board\view.php on line 12
[13-Jun-2024 19:48:38 Europe/Berlin] PHP Fatal error:  Uncaught Error: mysqli object is already closed in C:\xampp\htdocs\webpro2024\message-board\view.php:12
Stack trace:
#0 C:\xampp\htdocs\webpro2024\message-board\view.php(12): mysqli->query('SELECT * FROM `...')
#1 {main}
  thrown in C:\xampp\htdocs\webpro2024\message-board\view.php on line 12
[13-Jun-2024 19:48:43 Europe/Berlin] PHP Fatal error:  Uncaught Error: mysqli object is already closed in C:\xampp\htdocs\webpro2024\message-board\view.php:12
Stack trace:
#0 C:\xampp\htdocs\webpro2024\message-board\view.php(12): mysqli->query('SELECT * FROM `...')
#1 {main}
  thrown in C:\xampp\htdocs\webpro2024\message-board\view.php on line 12
[13-Jun-2024 19:48:44 Europe/Berlin] PHP Fatal error:  Uncaught Error: mysqli object is already closed in C:\xampp\htdocs\webpro2024\message-board\view.php:12
Stack trace:
#0 C:\xampp\htdocs\webpro2024\message-board\view.php(12): mysqli->query('SELECT * FROM `...')
#1 {main}
  thrown in C:\xampp\htdocs\webpro2024\message-board\view.php on line 12
[13-Jun-2024 19:49:35 Europe/Berlin] PHP Fatal error:  Uncaught Error: mysqli object is already closed in C:\xampp\htdocs\webpro2024\message-board\view.php:12
Stack trace:
#0 C:\xampp\htdocs\webpro2024\message-board\view.php(12): mysqli->query('SELECT * FROM `...')
#1 {main}
  thrown in C:\xampp\htdocs\webpro2024\message-board\view.php on line 12
[13-Jun-2024 19:49:36 Europe/Berlin] PHP Fatal error:  Uncaught Error: mysqli object is already closed in C:\xampp\htdocs\webpro2024\message-board\view.php:12
Stack trace:
#0 C:\xampp\htdocs\webpro2024\message-board\view.php(12): mysqli->query('SELECT * FROM `...')
#1 {main}
  thrown in C:\xampp\htdocs\webpro2024\message-board\view.php on line 12
[13-Jun-2024 19:51:56 Europe/Berlin] PHP Fatal error:  Uncaught Error: mysqli object is already closed in C:\xampp\htdocs\webpro2024\message-board\view.php:12
Stack trace:
#0 C:\xampp\htdocs\webpro2024\message-board\view.php(12): mysqli->query('SELECT * FROM `...')
#1 {main}
  thrown in C:\xampp\htdocs\webpro2024\message-board\view.php on line 12
[13-Jun-2024 19:51:57 Europe/Berlin] PHP Fatal error:  Uncaught Error: mysqli object is already closed in C:\xampp\htdocs\webpro2024\message-board\view.php:12
Stack trace:
#0 C:\xampp\htdocs\webpro2024\message-board\view.php(12): mysqli->query('SELECT * FROM `...')
#1 {main}
  thrown in C:\xampp\htdocs\webpro2024\message-board\view.php on line 12
[13-Jun-2024 19:51:59 Europe/Berlin] PHP Fatal error:  Uncaught Error: mysqli object is already closed in C:\xampp\htdocs\webpro2024\message-board\view.php:12
Stack trace:
#0 C:\xampp\htdocs\webpro2024\message-board\view.php(12): mysqli->query('SELECT * FROM `...')
#1 {main}
  thrown in C:\xampp\htdocs\webpro2024\message-board\view.php on line 12
[13-Jun-2024 19:52:01 Europe/Berlin] PHP Fatal error:  Uncaught Error: mysqli object is already closed in C:\xampp\htdocs\webpro2024\message-board\view.php:12
Stack trace:
#0 C:\xampp\htdocs\webpro2024\message-board\view.php(12): mysqli->query('SELECT * FROM `...')
#1 {main}
  thrown in C:\xampp\htdocs\webpro2024\message-board\view.php on line 12
[13-Jun-2024 19:52:03 Europe/Berlin] PHP Fatal error:  Uncaught Error: mysqli object is already closed in C:\xampp\htdocs\webpro2024\message-board\view.php:12
Stack trace:
#0 C:\xampp\htdocs\webpro2024\message-board\view.php(12): mysqli->query('SELECT * FROM `...')
#1 {main}
  thrown in C:\xampp\htdocs\webpro2024\message-board\view.php on line 12
[13-Jun-2024 19:52:05 Europe/Berlin] PHP Fatal error:  Uncaught Error: mysqli object is already closed in C:\xampp\htdocs\webpro2024\message-board\view.php:12
Stack trace:
#0 C:\xampp\htdocs\webpro2024\message-board\view.php(12): mysqli->query('SELECT * FROM `...')
#1 {main}
  thrown in C:\xampp\htdocs\webpro2024\message-board\view.php on line 12
[13-Jun-2024 19:52:07 Europe/Berlin] PHP Fatal error:  Uncaught Error: mysqli object is already closed in C:\xampp\htdocs\webpro2024\message-board\view.php:12
Stack trace:
#0 C:\xampp\htdocs\webpro2024\message-board\view.php(12): mysqli->query('SELECT * FROM `...')
#1 {main}
  thrown in C:\xampp\htdocs\webpro2024\message-board\view.php on line 12
[13-Jun-2024 19:52:09 Europe/Berlin] PHP Fatal error:  Uncaught Error: mysqli object is already closed in C:\xampp\htdocs\webpro2024\message-board\view.php:12
Stack trace:
#0 C:\xampp\htdocs\webpro2024\message-board\view.php(12): mysqli->query('SELECT * FROM `...')
#1 {main}
  thrown in C:\xampp\htdocs\webpro2024\message-board\view.php on line 12
[13-Jun-2024 19:52:11 Europe/Berlin] PHP Fatal error:  Uncaught Error: mysqli object is already closed in C:\xampp\htdocs\webpro2024\message-board\view.php:12
Stack trace:
#0 C:\xampp\htdocs\webpro2024\message-board\view.php(12): mysqli->query('SELECT * FROM `...')
#1 {main}
  thrown in C:\xampp\htdocs\webpro2024\message-board\view.php on line 12
[13-Jun-2024 19:52:13 Europe/Berlin] PHP Fatal error:  Uncaught Error: mysqli object is already closed in C:\xampp\htdocs\webpro2024\message-board\view.php:12
Stack trace:
#0 C:\xampp\htdocs\webpro2024\message-board\view.php(12): mysqli->query('SELECT * FROM `...')
#1 {main}
  thrown in C:\xampp\htdocs\webpro2024\message-board\view.php on line 12
[13-Jun-2024 19:52:15 Europe/Berlin] PHP Fatal error:  Uncaught Error: mysqli object is already closed in C:\xampp\htdocs\webpro2024\message-board\view.php:12
Stack trace:
#0 C:\xampp\htdocs\webpro2024\message-board\view.php(12): mysqli->query('SELECT * FROM `...')
#1 {main}
  thrown in C:\xampp\htdocs\webpro2024\message-board\view.php on line 12
[13-Jun-2024 19:52:17 Europe/Berlin] PHP Fatal error:  Uncaught Error: mysqli object is already closed in C:\xampp\htdocs\webpro2024\message-board\view.php:12
Stack trace:
#0 C:\xampp\htdocs\webpro2024\message-board\view.php(12): mysqli->query('SELECT * FROM `...')
#1 {main}
  thrown in C:\xampp\htdocs\webpro2024\message-board\view.php on line 12
[13-Jun-2024 19:52:19 Europe/Berlin] PHP Fatal error:  Uncaught Error: mysqli object is already closed in C:\xampp\htdocs\webpro2024\message-board\view.php:12
Stack trace:
#0 C:\xampp\htdocs\webpro2024\message-board\view.php(12): mysqli->query('SELECT * FROM `...')
#1 {main}
  thrown in C:\xampp\htdocs\webpro2024\message-board\view.php on line 12
[13-Jun-2024 19:52:21 Europe/Berlin] PHP Fatal error:  Uncaught Error: mysqli object is already closed in C:\xampp\htdocs\webpro2024\message-board\view.php:12
Stack trace:
#0 C:\xampp\htdocs\webpro2024\message-board\view.php(12): mysqli->query('SELECT * FROM `...')
#1 {main}
  thrown in C:\xampp\htdocs\webpro2024\message-board\view.php on line 12
[13-Jun-2024 19:52:23 Europe/Berlin] PHP Fatal error:  Uncaught Error: mysqli object is already closed in C:\xampp\htdocs\webpro2024\message-board\view.php:12
Stack trace:
#0 C:\xampp\htdocs\webpro2024\message-board\view.php(12): mysqli->query('SELECT * FROM `...')
#1 {main}
  thrown in C:\xampp\htdocs\webpro2024\message-board\view.php on line 12
[13-Jun-2024 19:52:25 Europe/Berlin] PHP Fatal error:  Uncaught Error: mysqli object is already closed in C:\xampp\htdocs\webpro2024\message-board\view.php:12
Stack trace:
#0 C:\xampp\htdocs\webpro2024\message-board\view.php(12): mysqli->query('SELECT * FROM `...')
#1 {main}
  thrown in C:\xampp\htdocs\webpro2024\message-board\view.php on line 12
[13-Jun-2024 19:52:27 Europe/Berlin] PHP Fatal error:  Uncaught Error: mysqli object is already closed in C:\xampp\htdocs\webpro2024\message-board\view.php:12
Stack trace:
#0 C:\xampp\htdocs\webpro2024\message-board\view.php(12): mysqli->query('SELECT * FROM `...')
#1 {main}
  thrown in C:\xampp\htdocs\webpro2024\message-board\view.php on line 12
[13-Jun-2024 19:52:29 Europe/Berlin] PHP Fatal error:  Uncaught Error: mysqli object is already closed in C:\xampp\htdocs\webpro2024\message-board\view.php:12
Stack trace:
#0 C:\xampp\htdocs\webpro2024\message-board\view.php(12): mysqli->query('SELECT * FROM `...')
#1 {main}
  thrown in C:\xampp\htdocs\webpro2024\message-board\view.php on line 12
[13-Jun-2024 19:52:31 Europe/Berlin] PHP Fatal error:  Uncaught Error: mysqli object is already closed in C:\xampp\htdocs\webpro2024\message-board\view.php:12
Stack trace:
#0 C:\xampp\htdocs\webpro2024\message-board\view.php(12): mysqli->query('SELECT * FROM `...')
#1 {main}
  thrown in C:\xampp\htdocs\webpro2024\message-board\view.php on line 12
[13-Jun-2024 19:52:33 Europe/Berlin] PHP Fatal error:  Uncaught Error: mysqli object is already closed in C:\xampp\htdocs\webpro2024\message-board\view.php:12
Stack trace:
#0 C:\xampp\htdocs\webpro2024\message-board\view.php(12): mysqli->query('SELECT * FROM `...')
#1 {main}
  thrown in C:\xampp\htdocs\webpro2024\message-board\view.php on line 12
[13-Jun-2024 19:52:35 Europe/Berlin] PHP Fatal error:  Uncaught Error: mysqli object is already closed in C:\xampp\htdocs\webpro2024\message-board\view.php:12
Stack trace:
#0 C:\xampp\htdocs\webpro2024\message-board\view.php(12): mysqli->query('SELECT * FROM `...')
#1 {main}
  thrown in C:\xampp\htdocs\webpro2024\message-board\view.php on line 12
[13-Jun-2024 19:52:37 Europe/Berlin] PHP Fatal error:  Uncaught Error: mysqli object is already closed in C:\xampp\htdocs\webpro2024\message-board\view.php:12
Stack trace:
#0 C:\xampp\htdocs\webpro2024\message-board\view.php(12): mysqli->query('SELECT * FROM `...')
#1 {main}
  thrown in C:\xampp\htdocs\webpro2024\message-board\view.php on line 12
[13-Jun-2024 19:52:39 Europe/Berlin] PHP Fatal error:  Uncaught Error: mysqli object is already closed in C:\xampp\htdocs\webpro2024\message-board\view.php:12
Stack trace:
#0 C:\xampp\htdocs\webpro2024\message-board\view.php(12): mysqli->query('SELECT * FROM `...')
#1 {main}
  thrown in C:\xampp\htdocs\webpro2024\message-board\view.php on line 12
[13-Jun-2024 19:52:41 Europe/Berlin] PHP Fatal error:  Uncaught Error: mysqli object is already closed in C:\xampp\htdocs\webpro2024\message-board\view.php:12
Stack trace:
#0 C:\xampp\htdocs\webpro2024\message-board\view.php(12): mysqli->query('SELECT * FROM `...')
#1 {main}
  thrown in C:\xampp\htdocs\webpro2024\message-board\view.php on line 12
[13-Jun-2024 19:52:43 Europe/Berlin] PHP Fatal error:  Uncaught Error: mysqli object is already closed in C:\xampp\htdocs\webpro2024\message-board\view.php:12
Stack trace:
#0 C:\xampp\htdocs\webpro2024\message-board\view.php(12): mysqli->query('SELECT * FROM `...')
#1 {main}
  thrown in C:\xampp\htdocs\webpro2024\message-board\view.php on line 12
[13-Jun-2024 19:52:45 Europe/Berlin] PHP Fatal error:  Uncaught Error: mysqli object is already closed in C:\xampp\htdocs\webpro2024\message-board\view.php:12
Stack trace:
#0 C:\xampp\htdocs\webpro2024\message-board\view.php(12): mysqli->query('SELECT * FROM `...')
#1 {main}
  thrown in C:\xampp\htdocs\webpro2024\message-board\view.php on line 12
[13-Jun-2024 19:52:47 Europe/Berlin] PHP Fatal error:  Uncaught Error: mysqli object is already closed in C:\xampp\htdocs\webpro2024\message-board\view.php:12
Stack trace:
#0 C:\xampp\htdocs\webpro2024\message-board\view.php(12): mysqli->query('SELECT * FROM `...')
#1 {main}
  thrown in C:\xampp\htdocs\webpro2024\message-board\view.php on line 12
[13-Jun-2024 19:52:49 Europe/Berlin] PHP Fatal error:  Uncaught Error: mysqli object is already closed in C:\xampp\htdocs\webpro2024\message-board\view.php:12
Stack trace:
#0 C:\xampp\htdocs\webpro2024\message-board\view.php(12): mysqli->query('SELECT * FROM `...')
#1 {main}
  thrown in C:\xampp\htdocs\webpro2024\message-board\view.php on line 12
[13-Jun-2024 19:52:51 Europe/Berlin] PHP Fatal error:  Uncaught Error: mysqli object is already closed in C:\xampp\htdocs\webpro2024\message-board\view.php:12
Stack trace:
#0 C:\xampp\htdocs\webpro2024\message-board\view.php(12): mysqli->query('SELECT * FROM `...')
#1 {main}
  thrown in C:\xampp\htdocs\webpro2024\message-board\view.php on line 12
[13-Jun-2024 19:52:53 Europe/Berlin] PHP Fatal error:  Uncaught Error: mysqli object is already closed in C:\xampp\htdocs\webpro2024\message-board\view.php:12
Stack trace:
#0 C:\xampp\htdocs\webpro2024\message-board\view.php(12): mysqli->query('SELECT * FROM `...')
#1 {main}
  thrown in C:\xampp\htdocs\webpro2024\message-board\view.php on line 12
[13-Jun-2024 19:52:55 Europe/Berlin] PHP Fatal error:  Uncaught Error: mysqli object is already closed in C:\xampp\htdocs\webpro2024\message-board\view.php:12
Stack trace:
#0 C:\xampp\htdocs\webpro2024\message-board\view.php(12): mysqli->query('SELECT * FROM `...')
#1 {main}
  thrown in C:\xampp\htdocs\webpro2024\message-board\view.php on line 12
[13-Jun-2024 19:53:03 Europe/Berlin] PHP Fatal error:  Uncaught Error: mysqli object is already closed in C:\xampp\htdocs\webpro2024\message-board\view.php:12
Stack trace:
#0 C:\xampp\htdocs\webpro2024\message-board\view.php(12): mysqli->query('SELECT * FROM `...')
#1 {main}
  thrown in C:\xampp\htdocs\webpro2024\message-board\view.php on line 12
[13-Jun-2024 19:53:34 Europe/Berlin] PHP Fatal error:  Uncaught Error: mysqli object is already closed in C:\xampp\htdocs\webpro2024\message-board\view.php:12
Stack trace:
#0 C:\xampp\htdocs\webpro2024\message-board\view.php(12): mysqli->query('SELECT * FROM `...')
#1 {main}
  thrown in C:\xampp\htdocs\webpro2024\message-board\view.php on line 12
[13-Jun-2024 19:53:37 Europe/Berlin] PHP Fatal error:  Uncaught Error: mysqli object is already closed in C:\xampp\htdocs\webpro2024\message-board\view.php:12
Stack trace:
#0 C:\xampp\htdocs\webpro2024\message-board\view.php(12): mysqli->query('SELECT * FROM `...')
#1 {main}
  thrown in C:\xampp\htdocs\webpro2024\message-board\view.php on line 12
[13-Jun-2024 19:53:40 Europe/Berlin] PHP Fatal error:  Uncaught Error: mysqli object is already closed in C:\xampp\htdocs\webpro2024\message-board\view.php:12
Stack trace:
#0 C:\xampp\htdocs\webpro2024\message-board\view.php(12): mysqli->query('SELECT * FROM `...')
#1 {main}
  thrown in C:\xampp\htdocs\webpro2024\message-board\view.php on line 12
[13-Jun-2024 19:53:41 Europe/Berlin] PHP Fatal error:  Uncaught Error: mysqli object is already closed in C:\xampp\htdocs\webpro2024\message-board\view.php:12
Stack trace:
#0 C:\xampp\htdocs\webpro2024\message-board\view.php(12): mysqli->query('SELECT * FROM `...')
#1 {main}
  thrown in C:\xampp\htdocs\webpro2024\message-board\view.php on line 12
[13-Jun-2024 19:55:42 Europe/Berlin] PHP Fatal error:  Uncaught Error: mysqli object is already closed in C:\xampp\htdocs\webpro2024\message-board\view.php:12
Stack trace:
#0 C:\xampp\htdocs\webpro2024\message-board\view.php(12): mysqli->query('SELECT * FROM `...')
#1 {main}
  thrown in C:\xampp\htdocs\webpro2024\message-board\view.php on line 12
[13-Jun-2024 19:55:48 Europe/Berlin] PHP Fatal error:  Uncaught Error: mysqli object is already closed in C:\xampp\htdocs\webpro2024\message-board\view.php:12
Stack trace:
#0 C:\xampp\htdocs\webpro2024\message-board\view.php(12): mysqli->query('SELECT * FROM `...')
#1 {main}
  thrown in C:\xampp\htdocs\webpro2024\message-board\view.php on line 12
[13-Jun-2024 19:55:53 Europe/Berlin] PHP Fatal error:  Uncaught Error: mysqli object is already closed in C:\xampp\htdocs\webpro2024\message-board\view.php:12
Stack trace:
#0 C:\xampp\htdocs\webpro2024\message-board\view.php(12): mysqli->query('SELECT * FROM `...')
#1 {main}
  thrown in C:\xampp\htdocs\webpro2024\message-board\view.php on line 12
[13-Jun-2024 19:55:55 Europe/Berlin] PHP Fatal error:  Uncaught Error: mysqli object is already closed in C:\xampp\htdocs\webpro2024\message-board\view.php:12
Stack trace:
#0 C:\xampp\htdocs\webpro2024\message-board\view.php(12): mysqli->query('SELECT * FROM `...')
#1 {main}
  thrown in C:\xampp\htdocs\webpro2024\message-board\view.php on line 12
[13-Jun-2024 19:55:57 Europe/Berlin] PHP Fatal error:  Uncaught Error: mysqli object is already closed in C:\xampp\htdocs\webpro2024\message-board\view.php:12
Stack trace:
#0 C:\xampp\htdocs\webpro2024\message-board\view.php(12): mysqli->query('SELECT * FROM `...')
#1 {main}
  thrown in C:\xampp\htdocs\webpro2024\message-board\view.php on line 12
[13-Jun-2024 19:55:59 Europe/Berlin] PHP Fatal error:  Uncaught Error: mysqli object is already closed in C:\xampp\htdocs\webpro2024\message-board\view.php:12
Stack trace:
#0 C:\xampp\htdocs\webpro2024\message-board\view.php(12): mysqli->query('SELECT * FROM `...')
#1 {main}
  thrown in C:\xampp\htdocs\webpro2024\message-board\view.php on line 12
[13-Jun-2024 19:56:01 Europe/Berlin] PHP Fatal error:  Uncaught Error: mysqli object is already closed in C:\xampp\htdocs\webpro2024\message-board\view.php:12
Stack trace:
#0 C:\xampp\htdocs\webpro2024\message-board\view.php(12): mysqli->query('SELECT * FROM `...')
#1 {main}
  thrown in C:\xampp\htdocs\webpro2024\message-board\view.php on line 12
[13-Jun-2024 19:56:03 Europe/Berlin] PHP Fatal error:  Uncaught Error: mysqli object is already closed in C:\xampp\htdocs\webpro2024\message-board\view.php:12
Stack trace:
#0 C:\xampp\htdocs\webpro2024\message-board\view.php(12): mysqli->query('SELECT * FROM `...')
#1 {main}
  thrown in C:\xampp\htdocs\webpro2024\message-board\view.php on line 12
[13-Jun-2024 19:56:05 Europe/Berlin] PHP Fatal error:  Uncaught Error: mysqli object is already closed in C:\xampp\htdocs\webpro2024\message-board\view.php:12
Stack trace:
#0 C:\xampp\htdocs\webpro2024\message-board\view.php(12): mysqli->query('SELECT * FROM `...')
#1 {main}
  thrown in C:\xampp\htdocs\webpro2024\message-board\view.php on line 12
[13-Jun-2024 19:56:07 Europe/Berlin] PHP Fatal error:  Uncaught Error: mysqli object is already closed in C:\xampp\htdocs\webpro2024\message-board\view.php:12
Stack trace:
#0 C:\xampp\htdocs\webpro2024\message-board\view.php(12): mysqli->query('SELECT * FROM `...')
#1 {main}
  thrown in C:\xampp\htdocs\webpro2024\message-board\view.php on line 12
[13-Jun-2024 19:56:08 Europe/Berlin] PHP Fatal error:  Uncaught Error: mysqli object is already closed in C:\xampp\htdocs\webpro2024\message-board\view.php:12
Stack trace:
#0 C:\xampp\htdocs\webpro2024\message-board\view.php(12): mysqli->query('SELECT * FROM `...')
#1 {main}
  thrown in C:\xampp\htdocs\webpro2024\message-board\view.php on line 12
[13-Jun-2024 19:56:11 Europe/Berlin] PHP Fatal error:  Uncaught Error: mysqli object is already closed in C:\xampp\htdocs\webpro2024\message-board\view.php:12
Stack trace:
#0 C:\xampp\htdocs\webpro2024\message-board\view.php(12): mysqli->query('SELECT * FROM `...')
#1 {main}
  thrown in C:\xampp\htdocs\webpro2024\message-board\view.php on line 12
[13-Jun-2024 19:56:14 Europe/Berlin] PHP Fatal error:  Uncaught Error: mysqli object is already closed in C:\xampp\htdocs\webpro2024\message-board\view.php:12
Stack trace:
#0 C:\xampp\htdocs\webpro2024\message-board\view.php(12): mysqli->query('SELECT * FROM `...')
#1 {main}
  thrown in C:\xampp\htdocs\webpro2024\message-board\view.php on line 12
[13-Jun-2024 19:56:15 Europe/Berlin] PHP Fatal error:  Uncaught Error: mysqli object is already closed in C:\xampp\htdocs\webpro2024\message-board\view.php:12
Stack trace:
#0 C:\xampp\htdocs\webpro2024\message-board\view.php(12): mysqli->query('SELECT * FROM `...')
#1 {main}
  thrown in C:\xampp\htdocs\webpro2024\message-board\view.php on line 12
[13-Jun-2024 19:56:16 Europe/Berlin] PHP Fatal error:  Uncaught Error: mysqli object is already closed in C:\xampp\htdocs\webpro2024\message-board\view.php:12
Stack trace:
#0 C:\xampp\htdocs\webpro2024\message-board\view.php(12): mysqli->query('SELECT * FROM `...')
#1 {main}
  thrown in C:\xampp\htdocs\webpro2024\message-board\view.php on line 12
[13-Jun-2024 19:57:26 Europe/Berlin] PHP Fatal error:  Uncaught Error: mysqli object is already closed in C:\xampp\htdocs\webpro2024\message-board\view.php:12
Stack trace:
#0 C:\xampp\htdocs\webpro2024\message-board\view.php(12): mysqli->query('SELECT * FROM `...')
#1 {main}
  thrown in C:\xampp\htdocs\webpro2024\message-board\view.php on line 12
[13-Jun-2024 19:57:27 Europe/Berlin] PHP Fatal error:  Uncaught Error: mysqli object is already closed in C:\xampp\htdocs\webpro2024\message-board\view.php:12
Stack trace:
#0 C:\xampp\htdocs\webpro2024\message-board\view.php(12): mysqli->query('SELECT * FROM `...')
#1 {main}
  thrown in C:\xampp\htdocs\webpro2024\message-board\view.php on line 12
[13-Jun-2024 19:57:29 Europe/Berlin] PHP Fatal error:  Uncaught Error: mysqli object is already closed in C:\xampp\htdocs\webpro2024\message-board\view.php:12
Stack trace:
#0 C:\xampp\htdocs\webpro2024\message-board\view.php(12): mysqli->query('SELECT * FROM `...')
#1 {main}
  thrown in C:\xampp\htdocs\webpro2024\message-board\view.php on line 12
[13-Jun-2024 19:57:31 Europe/Berlin] PHP Fatal error:  Uncaught Error: mysqli object is already closed in C:\xampp\htdocs\webpro2024\message-board\view.php:12
Stack trace:
#0 C:\xampp\htdocs\webpro2024\message-board\view.php(12): mysqli->query('SELECT * FROM `...')
#1 {main}
  thrown in C:\xampp\htdocs\webpro2024\message-board\view.php on line 12
[13-Jun-2024 19:57:33 Europe/Berlin] PHP Fatal error:  Uncaught Error: mysqli object is already closed in C:\xampp\htdocs\webpro2024\message-board\view.php:12
Stack trace:
#0 C:\xampp\htdocs\webpro2024\message-board\view.php(12): mysqli->query('SELECT * FROM `...')
#1 {main}
  thrown in C:\xampp\htdocs\webpro2024\message-board\view.php on line 12
[13-Jun-2024 19:57:35 Europe/Berlin] PHP Fatal error:  Uncaught Error: mysqli object is already closed in C:\xampp\htdocs\webpro2024\message-board\view.php:12
Stack trace:
#0 C:\xampp\htdocs\webpro2024\message-board\view.php(12): mysqli->query('SELECT * FROM `...')
#1 {main}
  thrown in C:\xampp\htdocs\webpro2024\message-board\view.php on line 12
[13-Jun-2024 19:57:37 Europe/Berlin] PHP Fatal error:  Uncaught Error: mysqli object is already closed in C:\xampp\htdocs\webpro2024\message-board\view.php:12
Stack trace:
#0 C:\xampp\htdocs\webpro2024\message-board\view.php(12): mysqli->query('SELECT * FROM `...')
#1 {main}
  thrown in C:\xampp\htdocs\webpro2024\message-board\view.php on line 12
[13-Jun-2024 19:57:39 Europe/Berlin] PHP Fatal error:  Uncaught Error: mysqli object is already closed in C:\xampp\htdocs\webpro2024\message-board\view.php:12
Stack trace:
#0 C:\xampp\htdocs\webpro2024\message-board\view.php(12): mysqli->query('SELECT * FROM `...')
#1 {main}
  thrown in C:\xampp\htdocs\webpro2024\message-board\view.php on line 12
[13-Jun-2024 19:57:41 Europe/Berlin] PHP Fatal error:  Uncaught Error: mysqli object is already closed in C:\xampp\htdocs\webpro2024\message-board\view.php:12
Stack trace:
#0 C:\xampp\htdocs\webpro2024\message-board\view.php(12): mysqli->query('SELECT * FROM `...')
#1 {main}
  thrown in C:\xampp\htdocs\webpro2024\message-board\view.php on line 12
[13-Jun-2024 19:57:43 Europe/Berlin] PHP Fatal error:  Uncaught Error: mysqli object is already closed in C:\xampp\htdocs\webpro2024\message-board\view.php:12
Stack trace:
#0 C:\xampp\htdocs\webpro2024\message-board\view.php(12): mysqli->query('SELECT * FROM `...')
#1 {main}
  thrown in C:\xampp\htdocs\webpro2024\message-board\view.php on line 12
[13-Jun-2024 19:57:45 Europe/Berlin] PHP Fatal error:  Uncaught Error: mysqli object is already closed in C:\xampp\htdocs\webpro2024\message-board\view.php:12
Stack trace:
#0 C:\xampp\htdocs\webpro2024\message-board\view.php(12): mysqli->query('SELECT * FROM `...')
#1 {main}
  thrown in C:\xampp\htdocs\webpro2024\message-board\view.php on line 12
[13-Jun-2024 19:57:47 Europe/Berlin] PHP Fatal error:  Uncaught Error: mysqli object is already closed in C:\xampp\htdocs\webpro2024\message-board\view.php:12
Stack trace:
#0 C:\xampp\htdocs\webpro2024\message-board\view.php(12): mysqli->query('SELECT * FROM `...')
#1 {main}
  thrown in C:\xampp\htdocs\webpro2024\message-board\view.php on line 12
[13-Jun-2024 19:57:49 Europe/Berlin] PHP Fatal error:  Uncaught Error: mysqli object is already closed in C:\xampp\htdocs\webpro2024\message-board\view.php:12
Stack trace:
#0 C:\xampp\htdocs\webpro2024\message-board\view.php(12): mysqli->query('SELECT * FROM `...')
#1 {main}
  thrown in C:\xampp\htdocs\webpro2024\message-board\view.php on line 12
[13-Jun-2024 19:57:51 Europe/Berlin] PHP Fatal error:  Uncaught Error: mysqli object is already closed in C:\xampp\htdocs\webpro2024\message-board\view.php:12
Stack trace:
#0 C:\xampp\htdocs\webpro2024\message-board\view.php(12): mysqli->query('SELECT * FROM `...')
#1 {main}
  thrown in C:\xampp\htdocs\webpro2024\message-board\view.php on line 12
[13-Jun-2024 19:57:53 Europe/Berlin] PHP Fatal error:  Uncaught Error: mysqli object is already closed in C:\xampp\htdocs\webpro2024\message-board\view.php:12
Stack trace:
#0 C:\xampp\htdocs\webpro2024\message-board\view.php(12): mysqli->query('SELECT * FROM `...')
#1 {main}
  thrown in C:\xampp\htdocs\webpro2024\message-board\view.php on line 12
[13-Jun-2024 19:57:55 Europe/Berlin] PHP Fatal error:  Uncaught Error: mysqli object is already closed in C:\xampp\htdocs\webpro2024\message-board\view.php:12
Stack trace:
#0 C:\xampp\htdocs\webpro2024\message-board\view.php(12): mysqli->query('SELECT * FROM `...')
#1 {main}
  thrown in C:\xampp\htdocs\webpro2024\message-board\view.php on line 12
[13-Jun-2024 19:57:57 Europe/Berlin] PHP Fatal error:  Uncaught Error: mysqli object is already closed in C:\xampp\htdocs\webpro2024\message-board\view.php:12
Stack trace:
#0 C:\xampp\htdocs\webpro2024\message-board\view.php(12): mysqli->query('SELECT * FROM `...')
#1 {main}
  thrown in C:\xampp\htdocs\webpro2024\message-board\view.php on line 12
[13-Jun-2024 19:57:59 Europe/Berlin] PHP Fatal error:  Uncaught Error: mysqli object is already closed in C:\xampp\htdocs\webpro2024\message-board\view.php:12
Stack trace:
#0 C:\xampp\htdocs\webpro2024\message-board\view.php(12): mysqli->query('SELECT * FROM `...')
#1 {main}
  thrown in C:\xampp\htdocs\webpro2024\message-board\view.php on line 12
[13-Jun-2024 19:58:01 Europe/Berlin] PHP Fatal error:  Uncaught Error: mysqli object is already closed in C:\xampp\htdocs\webpro2024\message-board\view.php:12
Stack trace:
#0 C:\xampp\htdocs\webpro2024\message-board\view.php(12): mysqli->query('SELECT * FROM `...')
#1 {main}
  thrown in C:\xampp\htdocs\webpro2024\message-board\view.php on line 12
[13-Jun-2024 19:58:03 Europe/Berlin] PHP Fatal error:  Uncaught Error: mysqli object is already closed in C:\xampp\htdocs\webpro2024\message-board\view.php:12
Stack trace:
#0 C:\xampp\htdocs\webpro2024\message-board\view.php(12): mysqli->query('SELECT * FROM `...')
#1 {main}
  thrown in C:\xampp\htdocs\webpro2024\message-board\view.php on line 12
[13-Jun-2024 19:58:05 Europe/Berlin] PHP Fatal error:  Uncaught Error: mysqli object is already closed in C:\xampp\htdocs\webpro2024\message-board\view.php:12
Stack trace:
#0 C:\xampp\htdocs\webpro2024\message-board\view.php(12): mysqli->query('SELECT * FROM `...')
#1 {main}
  thrown in C:\xampp\htdocs\webpro2024\message-board\view.php on line 12
[13-Jun-2024 19:58:07 Europe/Berlin] PHP Fatal error:  Uncaught Error: mysqli object is already closed in C:\xampp\htdocs\webpro2024\message-board\view.php:12
Stack trace:
#0 C:\xampp\htdocs\webpro2024\message-board\view.php(12): mysqli->query('SELECT * FROM `...')
#1 {main}
  thrown in C:\xampp\htdocs\webpro2024\message-board\view.php on line 12
[13-Jun-2024 19:58:09 Europe/Berlin] PHP Fatal error:  Uncaught Error: mysqli object is already closed in C:\xampp\htdocs\webpro2024\message-board\view.php:12
Stack trace:
#0 C:\xampp\htdocs\webpro2024\message-board\view.php(12): mysqli->query('SELECT * FROM `...')
#1 {main}
  thrown in C:\xampp\htdocs\webpro2024\message-board\view.php on line 12
[13-Jun-2024 19:58:11 Europe/Berlin] PHP Fatal error:  Uncaught Error: mysqli object is already closed in C:\xampp\htdocs\webpro2024\message-board\view.php:12
Stack trace:
#0 C:\xampp\htdocs\webpro2024\message-board\view.php(12): mysqli->query('SELECT * FROM `...')
#1 {main}
  thrown in C:\xampp\htdocs\webpro2024\message-board\view.php on line 12
[13-Jun-2024 19:58:13 Europe/Berlin] PHP Fatal error:  Uncaught Error: mysqli object is already closed in C:\xampp\htdocs\webpro2024\message-board\view.php:12
Stack trace:
#0 C:\xampp\htdocs\webpro2024\message-board\view.php(12): mysqli->query('SELECT * FROM `...')
#1 {main}
  thrown in C:\xampp\htdocs\webpro2024\message-board\view.php on line 12
[13-Jun-2024 19:58:15 Europe/Berlin] PHP Fatal error:  Uncaught Error: mysqli object is already closed in C:\xampp\htdocs\webpro2024\message-board\view.php:12
Stack trace:
#0 C:\xampp\htdocs\webpro2024\message-board\view.php(12): mysqli->query('SELECT * FROM `...')
#1 {main}
  thrown in C:\xampp\htdocs\webpro2024\message-board\view.php on line 12
[13-Jun-2024 19:58:17 Europe/Berlin] PHP Fatal error:  Uncaught Error: mysqli object is already closed in C:\xampp\htdocs\webpro2024\message-board\view.php:12
Stack trace:
#0 C:\xampp\htdocs\webpro2024\message-board\view.php(12): mysqli->query('SELECT * FROM `...')
#1 {main}
  thrown in C:\xampp\htdocs\webpro2024\message-board\view.php on line 12
[13-Jun-2024 19:58:19 Europe/Berlin] PHP Fatal error:  Uncaught Error: mysqli object is already closed in C:\xampp\htdocs\webpro2024\message-board\view.php:12
Stack trace:
#0 C:\xampp\htdocs\webpro2024\message-board\view.php(12): mysqli->query('SELECT * FROM `...')
#1 {main}
  thrown in C:\xampp\htdocs\webpro2024\message-board\view.php on line 12
[13-Jun-2024 19:58:21 Europe/Berlin] PHP Fatal error:  Uncaught Error: mysqli object is already closed in C:\xampp\htdocs\webpro2024\message-board\view.php:12
Stack trace:
#0 C:\xampp\htdocs\webpro2024\message-board\view.php(12): mysqli->query('SELECT * FROM `...')
#1 {main}
  thrown in C:\xampp\htdocs\webpro2024\message-board\view.php on line 12
[13-Jun-2024 19:58:23 Europe/Berlin] PHP Fatal error:  Uncaught Error: mysqli object is already closed in C:\xampp\htdocs\webpro2024\message-board\view.php:12
Stack trace:
#0 C:\xampp\htdocs\webpro2024\message-board\view.php(12): mysqli->query('SELECT * FROM `...')
#1 {main}
  thrown in C:\xampp\htdocs\webpro2024\message-board\view.php on line 12
[13-Jun-2024 19:58:25 Europe/Berlin] PHP Fatal error:  Uncaught Error: mysqli object is already closed in C:\xampp\htdocs\webpro2024\message-board\view.php:12
Stack trace:
#0 C:\xampp\htdocs\webpro2024\message-board\view.php(12): mysqli->query('SELECT * FROM `...')
#1 {main}
  thrown in C:\xampp\htdocs\webpro2024\message-board\view.php on line 12
[13-Jun-2024 19:58:26 Europe/Berlin] PHP Fatal error:  Uncaught Error: mysqli object is already closed in C:\xampp\htdocs\webpro2024\message-board\view.php:12
Stack trace:
#0 C:\xampp\htdocs\webpro2024\message-board\view.php(12): mysqli->query('SELECT * FROM `...')
#1 {main}
  thrown in C:\xampp\htdocs\webpro2024\message-board\view.php on line 12
[13-Jun-2024 19:58:31 Europe/Berlin] PHP Fatal error:  Uncaught Error: mysqli object is already closed in C:\xampp\htdocs\webpro2024\message-board\view.php:12
Stack trace:
#0 C:\xampp\htdocs\webpro2024\message-board\view.php(12): mysqli->query('SELECT * FROM `...')
#1 {main}
  thrown in C:\xampp\htdocs\webpro2024\message-board\view.php on line 12
[13-Jun-2024 19:58:34 Europe/Berlin] PHP Fatal error:  Uncaught Error: mysqli object is already closed in C:\xampp\htdocs\webpro2024\message-board\view.php:12
Stack trace:
#0 C:\xampp\htdocs\webpro2024\message-board\view.php(12): mysqli->query('SELECT * FROM `...')
#1 {main}
  thrown in C:\xampp\htdocs\webpro2024\message-board\view.php on line 12
[13-Jun-2024 19:58:35 Europe/Berlin] PHP Fatal error:  Uncaught Error: mysqli object is already closed in C:\xampp\htdocs\webpro2024\message-board\view.php:12
Stack trace:
#0 C:\xampp\htdocs\webpro2024\message-board\view.php(12): mysqli->query('SELECT * FROM `...')
#1 {main}
  thrown in C:\xampp\htdocs\webpro2024\message-board\view.php on line 12
[13-Jun-2024 19:58:38 Europe/Berlin] PHP Fatal error:  Uncaught Error: mysqli object is already closed in C:\xampp\htdocs\webpro2024\message-board\view.php:12
Stack trace:
#0 C:\xampp\htdocs\webpro2024\message-board\view.php(12): mysqli->query('SELECT * FROM `...')
#1 {main}
  thrown in C:\xampp\htdocs\webpro2024\message-board\view.php on line 12
[13-Jun-2024 19:58:40 Europe/Berlin] PHP Fatal error:  Uncaught Error: mysqli object is already closed in C:\xampp\htdocs\webpro2024\message-board\view.php:12
Stack trace:
#0 C:\xampp\htdocs\webpro2024\message-board\view.php(12): mysqli->query('SELECT * FROM `...')
#1 {main}
  thrown in C:\xampp\htdocs\webpro2024\message-board\view.php on line 12
[13-Jun-2024 19:59:53 Europe/Berlin] PHP Fatal error:  Uncaught Error: mysqli object is already closed in C:\xampp\htdocs\webpro2024\message-board\view.php:12
Stack trace:
#0 C:\xampp\htdocs\webpro2024\message-board\view.php(12): mysqli->query('SELECT * FROM `...')
#1 {main}
  thrown in C:\xampp\htdocs\webpro2024\message-board\view.php on line 12
[13-Jun-2024 19:59:55 Europe/Berlin] PHP Fatal error:  Uncaught Error: mysqli object is already closed in C:\xampp\htdocs\webpro2024\message-board\view.php:12
Stack trace:
#0 C:\xampp\htdocs\webpro2024\message-board\view.php(12): mysqli->query('SELECT * FROM `...')
#1 {main}
  thrown in C:\xampp\htdocs\webpro2024\message-board\view.php on line 12
[13-Jun-2024 20:00:01 Europe/Berlin] PHP Fatal error:  Uncaught Error: mysqli object is already closed in C:\xampp\htdocs\webpro2024\message-board\view.php:12
Stack trace:
#0 C:\xampp\htdocs\webpro2024\message-board\view.php(12): mysqli->query('SELECT * FROM `...')
#1 {main}
  thrown in C:\xampp\htdocs\webpro2024\message-board\view.php on line 12
[13-Jun-2024 20:00:09 Europe/Berlin] PHP Fatal error:  Uncaught Error: mysqli object is already closed in C:\xampp\htdocs\webpro2024\message-board\view.php:12
Stack trace:
#0 C:\xampp\htdocs\webpro2024\message-board\view.php(12): mysqli->query('SELECT * FROM `...')
#1 {main}
  thrown in C:\xampp\htdocs\webpro2024\message-board\view.php on line 12
[13-Jun-2024 20:00:43 Europe/Berlin] PHP Fatal error:  Uncaught Error: mysqli object is already closed in C:\xampp\htdocs\webpro2024\message-board\view.php:12
Stack trace:
#0 C:\xampp\htdocs\webpro2024\message-board\view.php(12): mysqli->query('SELECT * FROM `...')
#1 {main}
  thrown in C:\xampp\htdocs\webpro2024\message-board\view.php on line 12
[13-Jun-2024 20:00:46 Europe/Berlin] PHP Fatal error:  Uncaught Error: mysqli object is already closed in C:\xampp\htdocs\webpro2024\message-board\view.php:12
Stack trace:
#0 C:\xampp\htdocs\webpro2024\message-board\view.php(12): mysqli->query('SELECT * FROM `...')
#1 {main}
  thrown in C:\xampp\htdocs\webpro2024\message-board\view.php on line 12
[13-Jun-2024 20:02:07 Europe/Berlin] PHP Fatal error:  Uncaught Error: mysqli object is already closed in C:\xampp\htdocs\webpro2024\message-board\view.php:12
Stack trace:
#0 C:\xampp\htdocs\webpro2024\message-board\view.php(12): mysqli->query('SELECT * FROM `...')
#1 {main}
  thrown in C:\xampp\htdocs\webpro2024\message-board\view.php on line 12
[13-Jun-2024 20:02:13 Europe/Berlin] PHP Fatal error:  Uncaught Error: mysqli object is already closed in C:\xampp\htdocs\webpro2024\message-board\view.php:12
Stack trace:
#0 C:\xampp\htdocs\webpro2024\message-board\view.php(12): mysqli->query('SELECT * FROM `...')
#1 {main}
  thrown in C:\xampp\htdocs\webpro2024\message-board\view.php on line 12
[13-Jun-2024 20:02:16 Europe/Berlin] PHP Fatal error:  Uncaught Error: mysqli object is already closed in C:\xampp\htdocs\webpro2024\message-board\view.php:12
Stack trace:
#0 C:\xampp\htdocs\webpro2024\message-board\view.php(12): mysqli->query('SELECT * FROM `...')
#1 {main}
  thrown in C:\xampp\htdocs\webpro2024\message-board\view.php on line 12
[13-Jun-2024 20:02:18 Europe/Berlin] PHP Fatal error:  Uncaught Error: mysqli object is already closed in C:\xampp\htdocs\webpro2024\message-board\view.php:12
Stack trace:
#0 C:\xampp\htdocs\webpro2024\message-board\view.php(12): mysqli->query('SELECT * FROM `...')
#1 {main}
  thrown in C:\xampp\htdocs\webpro2024\message-board\view.php on line 12
[13-Jun-2024 20:02:20 Europe/Berlin] PHP Fatal error:  Uncaught Error: mysqli object is already closed in C:\xampp\htdocs\webpro2024\message-board\view.php:12
Stack trace:
#0 C:\xampp\htdocs\webpro2024\message-board\view.php(12): mysqli->query('SELECT * FROM `...')
#1 {main}
  thrown in C:\xampp\htdocs\webpro2024\message-board\view.php on line 12
[13-Jun-2024 20:02:22 Europe/Berlin] PHP Fatal error:  Uncaught Error: mysqli object is already closed in C:\xampp\htdocs\webpro2024\message-board\view.php:12
Stack trace:
#0 C:\xampp\htdocs\webpro2024\message-board\view.php(12): mysqli->query('SELECT * FROM `...')
#1 {main}
  thrown in C:\xampp\htdocs\webpro2024\message-board\view.php on line 12
[13-Jun-2024 20:02:24 Europe/Berlin] PHP Fatal error:  Uncaught Error: mysqli object is already closed in C:\xampp\htdocs\webpro2024\message-board\view.php:12
Stack trace:
#0 C:\xampp\htdocs\webpro2024\message-board\view.php(12): mysqli->query('SELECT * FROM `...')
#1 {main}
  thrown in C:\xampp\htdocs\webpro2024\message-board\view.php on line 12
[13-Jun-2024 20:02:26 Europe/Berlin] PHP Fatal error:  Uncaught Error: mysqli object is already closed in C:\xampp\htdocs\webpro2024\message-board\view.php:12
Stack trace:
#0 C:\xampp\htdocs\webpro2024\message-board\view.php(12): mysqli->query('SELECT * FROM `...')
#1 {main}
  thrown in C:\xampp\htdocs\webpro2024\message-board\view.php on line 12
[13-Jun-2024 20:02:28 Europe/Berlin] PHP Fatal error:  Uncaught Error: mysqli object is already closed in C:\xampp\htdocs\webpro2024\message-board\view.php:12
Stack trace:
#0 C:\xampp\htdocs\webpro2024\message-board\view.php(12): mysqli->query('SELECT * FROM `...')
#1 {main}
  thrown in C:\xampp\htdocs\webpro2024\message-board\view.php on line 12
[13-Jun-2024 20:02:30 Europe/Berlin] PHP Fatal error:  Uncaught Error: mysqli object is already closed in C:\xampp\htdocs\webpro2024\message-board\view.php:12
Stack trace:
#0 C:\xampp\htdocs\webpro2024\message-board\view.php(12): mysqli->query('SELECT * FROM `...')
#1 {main}
  thrown in C:\xampp\htdocs\webpro2024\message-board\view.php on line 12
[13-Jun-2024 20:02:32 Europe/Berlin] PHP Fatal error:  Uncaught Error: mysqli object is already closed in C:\xampp\htdocs\webpro2024\message-board\view.php:12
Stack trace:
#0 C:\xampp\htdocs\webpro2024\message-board\view.php(12): mysqli->query('SELECT * FROM `...')
#1 {main}
  thrown in C:\xampp\htdocs\webpro2024\message-board\view.php on line 12
[13-Jun-2024 20:02:36 Europe/Berlin] PHP Fatal error:  Uncaught Error: mysqli object is already closed in C:\xampp\htdocs\webpro2024\message-board\view.php:12
Stack trace:
#0 C:\xampp\htdocs\webpro2024\message-board\view.php(12): mysqli->query('SELECT * FROM `...')
#1 {main}
  thrown in C:\xampp\htdocs\webpro2024\message-board\view.php on line 12
[13-Jun-2024 20:02:47 Europe/Berlin] PHP Fatal error:  Uncaught Error: mysqli object is already closed in C:\xampp\htdocs\webpro2024\message-board\view.php:12
Stack trace:
#0 C:\xampp\htdocs\webpro2024\message-board\view.php(12): mysqli->query('SELECT * FROM `...')
#1 {main}
  thrown in C:\xampp\htdocs\webpro2024\message-board\view.php on line 12
[13-Jun-2024 20:02:49 Europe/Berlin] PHP Fatal error:  Uncaught Error: mysqli object is already closed in C:\xampp\htdocs\webpro2024\message-board\view.php:12
Stack trace:
#0 C:\xampp\htdocs\webpro2024\message-board\view.php(12): mysqli->query('SELECT * FROM `...')
#1 {main}
  thrown in C:\xampp\htdocs\webpro2024\message-board\view.php on line 12
[13-Jun-2024 20:03:11 Europe/Berlin] PHP Fatal error:  Uncaught Error: mysqli object is already closed in C:\xampp\htdocs\webpro2024\message-board\view.php:12
Stack trace:
#0 C:\xampp\htdocs\webpro2024\message-board\view.php(12): mysqli->query('SELECT * FROM `...')
#1 {main}
  thrown in C:\xampp\htdocs\webpro2024\message-board\view.php on line 12
[13-Jun-2024 20:03:13 Europe/Berlin] PHP Fatal error:  Uncaught Error: mysqli object is already closed in C:\xampp\htdocs\webpro2024\message-board\view.php:12
Stack trace:
#0 C:\xampp\htdocs\webpro2024\message-board\view.php(12): mysqli->query('SELECT * FROM `...')
#1 {main}
  thrown in C:\xampp\htdocs\webpro2024\message-board\view.php on line 12
[13-Jun-2024 20:03:15 Europe/Berlin] PHP Fatal error:  Uncaught Error: mysqli object is already closed in C:\xampp\htdocs\webpro2024\message-board\view.php:12
Stack trace:
#0 C:\xampp\htdocs\webpro2024\message-board\view.php(12): mysqli->query('SELECT * FROM `...')
#1 {main}
  thrown in C:\xampp\htdocs\webpro2024\message-board\view.php on line 12
[13-Jun-2024 20:03:17 Europe/Berlin] PHP Fatal error:  Uncaught Error: mysqli object is already closed in C:\xampp\htdocs\webpro2024\message-board\view.php:12
Stack trace:
#0 C:\xampp\htdocs\webpro2024\message-board\view.php(12): mysqli->query('SELECT * FROM `...')
#1 {main}
  thrown in C:\xampp\htdocs\webpro2024\message-board\view.php on line 12
[13-Jun-2024 20:03:19 Europe/Berlin] PHP Fatal error:  Uncaught Error: mysqli object is already closed in C:\xampp\htdocs\webpro2024\message-board\view.php:12
Stack trace:
#0 C:\xampp\htdocs\webpro2024\message-board\view.php(12): mysqli->query('SELECT * FROM `...')
#1 {main}
  thrown in C:\xampp\htdocs\webpro2024\message-board\view.php on line 12
[13-Jun-2024 20:03:21 Europe/Berlin] PHP Fatal error:  Uncaught Error: mysqli object is already closed in C:\xampp\htdocs\webpro2024\message-board\view.php:12
Stack trace:
#0 C:\xampp\htdocs\webpro2024\message-board\view.php(12): mysqli->query('SELECT * FROM `...')
#1 {main}
  thrown in C:\xampp\htdocs\webpro2024\message-board\view.php on line 12
[13-Jun-2024 20:03:23 Europe/Berlin] PHP Fatal error:  Uncaught Error: mysqli object is already closed in C:\xampp\htdocs\webpro2024\message-board\view.php:12
Stack trace:
#0 C:\xampp\htdocs\webpro2024\message-board\view.php(12): mysqli->query('SELECT * FROM `...')
#1 {main}
  thrown in C:\xampp\htdocs\webpro2024\message-board\view.php on line 12
[13-Jun-2024 20:03:25 Europe/Berlin] PHP Fatal error:  Uncaught Error: mysqli object is already closed in C:\xampp\htdocs\webpro2024\message-board\view.php:12
Stack trace:
#0 C:\xampp\htdocs\webpro2024\message-board\view.php(12): mysqli->query('SELECT * FROM `...')
#1 {main}
  thrown in C:\xampp\htdocs\webpro2024\message-board\view.php on line 12
[13-Jun-2024 20:03:27 Europe/Berlin] PHP Fatal error:  Uncaught Error: mysqli object is already closed in C:\xampp\htdocs\webpro2024\message-board\view.php:12
Stack trace:
#0 C:\xampp\htdocs\webpro2024\message-board\view.php(12): mysqli->query('SELECT * FROM `...')
#1 {main}
  thrown in C:\xampp\htdocs\webpro2024\message-board\view.php on line 12
[13-Jun-2024 20:03:29 Europe/Berlin] PHP Fatal error:  Uncaught Error: mysqli object is already closed in C:\xampp\htdocs\webpro2024\message-board\view.php:12
Stack trace:
#0 C:\xampp\htdocs\webpro2024\message-board\view.php(12): mysqli->query('SELECT * FROM `...')
#1 {main}
  thrown in C:\xampp\htdocs\webpro2024\message-board\view.php on line 12
[13-Jun-2024 20:03:31 Europe/Berlin] PHP Fatal error:  Uncaught Error: mysqli object is already closed in C:\xampp\htdocs\webpro2024\message-board\view.php:12
Stack trace:
#0 C:\xampp\htdocs\webpro2024\message-board\view.php(12): mysqli->query('SELECT * FROM `...')
#1 {main}
  thrown in C:\xampp\htdocs\webpro2024\message-board\view.php on line 12
[13-Jun-2024 20:03:33 Europe/Berlin] PHP Fatal error:  Uncaught Error: mysqli object is already closed in C:\xampp\htdocs\webpro2024\message-board\view.php:12
Stack trace:
#0 C:\xampp\htdocs\webpro2024\message-board\view.php(12): mysqli->query('SELECT * FROM `...')
#1 {main}
  thrown in C:\xampp\htdocs\webpro2024\message-board\view.php on line 12
[13-Jun-2024 20:03:35 Europe/Berlin] PHP Fatal error:  Uncaught Error: mysqli object is already closed in C:\xampp\htdocs\webpro2024\message-board\view.php:12
Stack trace:
#0 C:\xampp\htdocs\webpro2024\message-board\view.php(12): mysqli->query('SELECT * FROM `...')
#1 {main}
  thrown in C:\xampp\htdocs\webpro2024\message-board\view.php on line 12
[13-Jun-2024 20:03:37 Europe/Berlin] PHP Fatal error:  Uncaught Error: mysqli object is already closed in C:\xampp\htdocs\webpro2024\message-board\view.php:12
Stack trace:
#0 C:\xampp\htdocs\webpro2024\message-board\view.php(12): mysqli->query('SELECT * FROM `...')
#1 {main}
  thrown in C:\xampp\htdocs\webpro2024\message-board\view.php on line 12
[13-Jun-2024 20:03:39 Europe/Berlin] PHP Fatal error:  Uncaught Error: mysqli object is already closed in C:\xampp\htdocs\webpro2024\message-board\view.php:12
Stack trace:
#0 C:\xampp\htdocs\webpro2024\message-board\view.php(12): mysqli->query('SELECT * FROM `...')
#1 {main}
  thrown in C:\xampp\htdocs\webpro2024\message-board\view.php on line 12
[13-Jun-2024 20:03:41 Europe/Berlin] PHP Fatal error:  Uncaught Error: mysqli object is already closed in C:\xampp\htdocs\webpro2024\message-board\view.php:12
Stack trace:
#0 C:\xampp\htdocs\webpro2024\message-board\view.php(12): mysqli->query('SELECT * FROM `...')
#1 {main}
  thrown in C:\xampp\htdocs\webpro2024\message-board\view.php on line 12
[13-Jun-2024 20:03:43 Europe/Berlin] PHP Fatal error:  Uncaught Error: mysqli object is already closed in C:\xampp\htdocs\webpro2024\message-board\view.php:12
Stack trace:
#0 C:\xampp\htdocs\webpro2024\message-board\view.php(12): mysqli->query('SELECT * FROM `...')
#1 {main}
  thrown in C:\xampp\htdocs\webpro2024\message-board\view.php on line 12
[13-Jun-2024 20:03:45 Europe/Berlin] PHP Fatal error:  Uncaught Error: mysqli object is already closed in C:\xampp\htdocs\webpro2024\message-board\view.php:12
Stack trace:
#0 C:\xampp\htdocs\webpro2024\message-board\view.php(12): mysqli->query('SELECT * FROM `...')
#1 {main}
  thrown in C:\xampp\htdocs\webpro2024\message-board\view.php on line 12
[13-Jun-2024 20:03:47 Europe/Berlin] PHP Fatal error:  Uncaught Error: mysqli object is already closed in C:\xampp\htdocs\webpro2024\message-board\view.php:12
Stack trace:
#0 C:\xampp\htdocs\webpro2024\message-board\view.php(12): mysqli->query('SELECT * FROM `...')
#1 {main}
  thrown in C:\xampp\htdocs\webpro2024\message-board\view.php on line 12
[13-Jun-2024 20:03:49 Europe/Berlin] PHP Fatal error:  Uncaught Error: mysqli object is already closed in C:\xampp\htdocs\webpro2024\message-board\view.php:12
Stack trace:
#0 C:\xampp\htdocs\webpro2024\message-board\view.php(12): mysqli->query('SELECT * FROM `...')
#1 {main}
  thrown in C:\xampp\htdocs\webpro2024\message-board\view.php on line 12
[13-Jun-2024 20:03:51 Europe/Berlin] PHP Fatal error:  Uncaught Error: mysqli object is already closed in C:\xampp\htdocs\webpro2024\message-board\view.php:12
Stack trace:
#0 C:\xampp\htdocs\webpro2024\message-board\view.php(12): mysqli->query('SELECT * FROM `...')
#1 {main}
  thrown in C:\xampp\htdocs\webpro2024\message-board\view.php on line 12
[13-Jun-2024 20:03:53 Europe/Berlin] PHP Fatal error:  Uncaught Error: mysqli object is already closed in C:\xampp\htdocs\webpro2024\message-board\view.php:12
Stack trace:
#0 C:\xampp\htdocs\webpro2024\message-board\view.php(12): mysqli->query('SELECT * FROM `...')
#1 {main}
  thrown in C:\xampp\htdocs\webpro2024\message-board\view.php on line 12
[13-Jun-2024 20:03:55 Europe/Berlin] PHP Fatal error:  Uncaught Error: mysqli object is already closed in C:\xampp\htdocs\webpro2024\message-board\view.php:12
Stack trace:
#0 C:\xampp\htdocs\webpro2024\message-board\view.php(12): mysqli->query('SELECT * FROM `...')
#1 {main}
  thrown in C:\xampp\htdocs\webpro2024\message-board\view.php on line 12
[13-Jun-2024 20:03:57 Europe/Berlin] PHP Fatal error:  Uncaught Error: mysqli object is already closed in C:\xampp\htdocs\webpro2024\message-board\view.php:12
Stack trace:
#0 C:\xampp\htdocs\webpro2024\message-board\view.php(12): mysqli->query('SELECT * FROM `...')
#1 {main}
  thrown in C:\xampp\htdocs\webpro2024\message-board\view.php on line 12
[13-Jun-2024 20:04:00 Europe/Berlin] PHP Fatal error:  Uncaught Error: mysqli object is already closed in C:\xampp\htdocs\webpro2024\message-board\view.php:12
Stack trace:
#0 C:\xampp\htdocs\webpro2024\message-board\view.php(12): mysqli->query('SELECT * FROM `...')
#1 {main}
  thrown in C:\xampp\htdocs\webpro2024\message-board\view.php on line 12
[13-Jun-2024 20:04:16 Europe/Berlin] PHP Fatal error:  Uncaught Error: mysqli object is already closed in C:\xampp\htdocs\webpro2024\message-board\view.php:12
Stack trace:
#0 C:\xampp\htdocs\webpro2024\message-board\view.php(12): mysqli->query('SELECT * FROM `...')
#1 {main}
  thrown in C:\xampp\htdocs\webpro2024\message-board\view.php on line 12
[13-Jun-2024 20:04:18 Europe/Berlin] PHP Fatal error:  Uncaught Error: mysqli object is already closed in C:\xampp\htdocs\webpro2024\message-board\view.php:12
Stack trace:
#0 C:\xampp\htdocs\webpro2024\message-board\view.php(12): mysqli->query('SELECT * FROM `...')
#1 {main}
  thrown in C:\xampp\htdocs\webpro2024\message-board\view.php on line 12
[13-Jun-2024 20:04:56 Europe/Berlin] PHP Fatal error:  Uncaught Error: mysqli object is already closed in C:\xampp\htdocs\webpro2024\message-board\view.php:12
Stack trace:
#0 C:\xampp\htdocs\webpro2024\message-board\view.php(12): mysqli->query('SELECT * FROM `...')
#1 {main}
  thrown in C:\xampp\htdocs\webpro2024\message-board\view.php on line 12
[13-Jun-2024 20:04:58 Europe/Berlin] PHP Fatal error:  Uncaught Error: mysqli object is already closed in C:\xampp\htdocs\webpro2024\message-board\view.php:12
Stack trace:
#0 C:\xampp\htdocs\webpro2024\message-board\view.php(12): mysqli->query('SELECT * FROM `...')
#1 {main}
  thrown in C:\xampp\htdocs\webpro2024\message-board\view.php on line 12
[13-Jun-2024 20:05:59 Europe/Berlin] PHP Fatal error:  Uncaught Error: mysqli object is already closed in C:\xampp\htdocs\webpro2024\message-board\view.php:12
Stack trace:
#0 C:\xampp\htdocs\webpro2024\message-board\view.php(12): mysqli->query('SELECT * FROM `...')
#1 {main}
  thrown in C:\xampp\htdocs\webpro2024\message-board\view.php on line 12
[13-Jun-2024 20:06:04 Europe/Berlin] PHP Fatal error:  Uncaught Error: mysqli object is already closed in C:\xampp\htdocs\webpro2024\message-board\view.php:12
Stack trace:
#0 C:\xampp\htdocs\webpro2024\message-board\view.php(12): mysqli->query('SELECT * FROM `...')
#1 {main}
  thrown in C:\xampp\htdocs\webpro2024\message-board\view.php on line 12
[13-Jun-2024 20:06:58 Europe/Berlin] PHP Fatal error:  Uncaught Error: mysqli object is already closed in C:\xampp\htdocs\webpro2024\message-board\view.php:12
Stack trace:
#0 C:\xampp\htdocs\webpro2024\message-board\view.php(12): mysqli->query('SELECT * FROM `...')
#1 {main}
  thrown in C:\xampp\htdocs\webpro2024\message-board\view.php on line 12
[13-Jun-2024 20:07:00 Europe/Berlin] PHP Fatal error:  Uncaught Error: mysqli object is already closed in C:\xampp\htdocs\webpro2024\message-board\view.php:12
Stack trace:
#0 C:\xampp\htdocs\webpro2024\message-board\view.php(12): mysqli->query('SELECT * FROM `...')
#1 {main}
  thrown in C:\xampp\htdocs\webpro2024\message-board\view.php on line 12
[13-Jun-2024 20:07:27 Europe/Berlin] PHP Fatal error:  Uncaught Error: mysqli object is already closed in C:\xampp\htdocs\webpro2024\message-board\view.php:12
Stack trace:
#0 C:\xampp\htdocs\webpro2024\message-board\view.php(12): mysqli->query('SELECT * FROM `...')
#1 {main}
  thrown in C:\xampp\htdocs\webpro2024\message-board\view.php on line 12
[13-Jun-2024 20:07:29 Europe/Berlin] PHP Fatal error:  Uncaught Error: mysqli object is already closed in C:\xampp\htdocs\webpro2024\message-board\view.php:12
Stack trace:
#0 C:\xampp\htdocs\webpro2024\message-board\view.php(12): mysqli->query('SELECT * FROM `...')
#1 {main}
  thrown in C:\xampp\htdocs\webpro2024\message-board\view.php on line 12
[13-Jun-2024 20:07:31 Europe/Berlin] PHP Fatal error:  Uncaught Error: mysqli object is already closed in C:\xampp\htdocs\webpro2024\message-board\view.php:12
Stack trace:
#0 C:\xampp\htdocs\webpro2024\message-board\view.php(12): mysqli->query('SELECT * FROM `...')
#1 {main}
  thrown in C:\xampp\htdocs\webpro2024\message-board\view.php on line 12
[13-Jun-2024 20:07:33 Europe/Berlin] PHP Fatal error:  Uncaught Error: mysqli object is already closed in C:\xampp\htdocs\webpro2024\message-board\view.php:12
Stack trace:
#0 C:\xampp\htdocs\webpro2024\message-board\view.php(12): mysqli->query('SELECT * FROM `...')
#1 {main}
  thrown in C:\xampp\htdocs\webpro2024\message-board\view.php on line 12
[13-Jun-2024 20:07:35 Europe/Berlin] PHP Fatal error:  Uncaught Error: mysqli object is already closed in C:\xampp\htdocs\webpro2024\message-board\view.php:12
Stack trace:
#0 C:\xampp\htdocs\webpro2024\message-board\view.php(12): mysqli->query('SELECT * FROM `...')
#1 {main}
  thrown in C:\xampp\htdocs\webpro2024\message-board\view.php on line 12
[13-Jun-2024 20:07:37 Europe/Berlin] PHP Fatal error:  Uncaught Error: mysqli object is already closed in C:\xampp\htdocs\webpro2024\message-board\view.php:12
Stack trace:
#0 C:\xampp\htdocs\webpro2024\message-board\view.php(12): mysqli->query('SELECT * FROM `...')
#1 {main}
  thrown in C:\xampp\htdocs\webpro2024\message-board\view.php on line 12
[13-Jun-2024 20:07:39 Europe/Berlin] PHP Fatal error:  Uncaught Error: mysqli object is already closed in C:\xampp\htdocs\webpro2024\message-board\view.php:12
Stack trace:
#0 C:\xampp\htdocs\webpro2024\message-board\view.php(12): mysqli->query('SELECT * FROM `...')
#1 {main}
  thrown in C:\xampp\htdocs\webpro2024\message-board\view.php on line 12
[13-Jun-2024 20:07:41 Europe/Berlin] PHP Fatal error:  Uncaught Error: mysqli object is already closed in C:\xampp\htdocs\webpro2024\message-board\view.php:12
Stack trace:
#0 C:\xampp\htdocs\webpro2024\message-board\view.php(12): mysqli->query('SELECT * FROM `...')
#1 {main}
  thrown in C:\xampp\htdocs\webpro2024\message-board\view.php on line 12
[13-Jun-2024 20:07:43 Europe/Berlin] PHP Fatal error:  Uncaught Error: mysqli object is already closed in C:\xampp\htdocs\webpro2024\message-board\view.php:12
Stack trace:
#0 C:\xampp\htdocs\webpro2024\message-board\view.php(12): mysqli->query('SELECT * FROM `...')
#1 {main}
  thrown in C:\xampp\htdocs\webpro2024\message-board\view.php on line 12
[13-Jun-2024 20:07:45 Europe/Berlin] PHP Fatal error:  Uncaught Error: mysqli object is already closed in C:\xampp\htdocs\webpro2024\message-board\view.php:12
Stack trace:
#0 C:\xampp\htdocs\webpro2024\message-board\view.php(12): mysqli->query('SELECT * FROM `...')
#1 {main}
  thrown in C:\xampp\htdocs\webpro2024\message-board\view.php on line 12
